Build started 3/21/2013 10:32:48 PM.
     1>Project "C:\Users\Saad\Documents\Visual Studio 2010\Projects\tbbtry1\tbbtry1\tbbtry1.vcxproj" on node 2 (build target(s)).
     1>InitializeBuildStatus:
         Creating "Debug\tbbtry1.unsuccessfulbuild" because "AlwaysCreate" was specified.
       ClCompile:
         All outputs are up-to-date.
         D:\Program Files (x86)\Microsoft Visual Studio 10.0\VC\bin\CL.exe /c /IC:\tbb41_20130116oss\include /ZI /nologo /W3 /WX- /Od /Oy- /D WIN32 /D _DEBUG /D _CONSOLE /D _UNICODE /D UNICODE /Gm /EHsc /RTC1 /MDd /GS /fp:precise /Zc:wchar_t /Zc:forScope /Yu"StdAfx.h" /Fp"Debug\tbbtry1.pch" /Fo"Debug\\" /Fd"Debug\vc100.pdb" /Gd /TP /analyze- /errorReport:prompt parallel.cpp tbbtry1.cpp
         tbbtry1.cpp
         parallel.cpp
     1>c:\users\saad\documents\visual studio 2010\projects\tbbtry1\tbbtry1\parallel.cpp(103): warning C4996: 'strcpy': This function or variable may be unsafe. Consider using strcpy_s instead. To disable deprecation, use _CRT_SECURE_NO_WARNINGS. See online help for details.
                 d:\program files (x86)\microsoft visual studio 10.0\vc\include\string.h(105) : see declaration of 'strcpy'
     1>c:\users\saad\documents\visual studio 2010\projects\tbbtry1\tbbtry1\parallel.cpp(104): warning C4996: 'strcat': This function or variable may be unsafe. Consider using strcat_s instead. To disable deprecation, use _CRT_SECURE_NO_WARNINGS. See online help for details.
                 d:\program files (x86)\microsoft visual studio 10.0\vc\include\string.h(110) : see declaration of 'strcat'
     1>c:\users\saad\documents\visual studio 2010\projects\tbbtry1\tbbtry1\parallel.cpp(105): warning C4996: 'strcat': This function or variable may be unsafe. Consider using strcat_s instead. To disable deprecation, use _CRT_SECURE_NO_WARNINGS. See online help for details.
                 d:\program files (x86)\microsoft visual studio 10.0\vc\include\string.h(110) : see declaration of 'strcat'
     1>c:\users\saad\documents\visual studio 2010\projects\tbbtry1\tbbtry1\parallel.cpp(106): warning C4996: 'strcat': This function or variable may be unsafe. Consider using strcat_s instead. To disable deprecation, use _CRT_SECURE_NO_WARNINGS. See online help for details.
                 d:\program files (x86)\microsoft visual studio 10.0\vc\include\string.h(110) : see declaration of 'strcat'
     1>c:\users\saad\documents\visual studio 2010\projects\tbbtry1\tbbtry1\parallel.cpp(109): warning C4996: 'fopen': This function or variable may be unsafe. Consider using fopen_s instead. To disable deprecation, use _CRT_SECURE_NO_WARNINGS. See online help for details.
                 d:\program files (x86)\microsoft visual studio 10.0\vc\include\stdio.h(234) : see declaration of 'fopen'
     1>c:\users\saad\documents\visual studio 2010\projects\tbbtry1\tbbtry1\parallel.cpp(120): warning C4996: 'strtok': This function or variable may be unsafe. Consider using strtok_s instead. To disable deprecation, use _CRT_SECURE_NO_WARNINGS. See online help for details.
                 d:\program files (x86)\microsoft visual studio 10.0\vc\include\string.h(197) : see declaration of 'strtok'
     1>c:\users\saad\documents\visual studio 2010\projects\tbbtry1\tbbtry1\parallel.cpp(126): warning C4996: 'strtok': This function or variable may be unsafe. Consider using strtok_s instead. To disable deprecation, use _CRT_SECURE_NO_WARNINGS. See online help for details.
                 d:\program files (x86)\microsoft visual studio 10.0\vc\include\string.h(197) : see declaration of 'strtok'
     1>c:\users\saad\documents\visual studio 2010\projects\tbbtry1\tbbtry1\parallel.cpp(191): warning C4018: '<' : signed/unsigned mismatch
         Generating Code...
       ManifestResourceCompile:
         All outputs are up-to-date.
       Link:
         D:\Program Files (x86)\Microsoft Visual Studio 10.0\VC\bin\link.exe /ERRORREPORT:PROMPT /OUT:"C:\Users\Saad\Documents\Visual Studio 2010\Projects\tbbtry1\Debug\tbbtry1.exe" /INCREMENTAL /NOLOGO /LIBPATH:C:\tbb41_20130116oss\lib\ia32\vc10 tbb_debug.lib kernel32.lib user32.lib gdi32.lib winspool.lib comdlg32.lib advapi32.lib shell32.lib ole32.lib oleaut32.lib uuid.lib odbc32.lib odbccp32.lib /MANIFEST /ManifestFile:"Debug\tbbtry1.exe.intermediate.manifest" /MANIFESTUAC:"level='asInvoker' uiAccess='false'" /DEBUG /PDB:"C:\Users\Saad\Documents\Visual Studio 2010\Projects\tbbtry1\Debug\tbbtry1.pdb" /SUBSYSTEM:CONSOLE /TLBID:1 /DYNAMICBASE /NXCOMPAT /IMPLIB:"C:\Users\Saad\Documents\Visual Studio 2010\Projects\tbbtry1\Debug\tbbtry1.lib" /MACHINE:X86 Debug\tbbtry1.exe.embed.manifest.res
         Debug\parallel.obj
         Debug\stdafx.obj
         Debug\tbbtry1.obj
       Manifest:
         C:\Program Files (x86)\Microsoft SDKs\Windows\v7.0A\bin\mt.exe /nologo /verbose /out:"Debug\tbbtry1.exe.embed.manifest" /manifest Debug\tbbtry1.exe.intermediate.manifest
         All outputs are up-to-date.
       LinkEmbedManifest:
         All outputs are up-to-date.
         tbbtry1.vcxproj -> C:\Users\Saad\Documents\Visual Studio 2010\Projects\tbbtry1\Debug\tbbtry1.exe
       FinalizeBuildStatus:
         Deleting file "Debug\tbbtry1.unsuccessfulbuild".
         Touching "Debug\tbbtry1.lastbuildstate".
     1>Done Building Project "C:\Users\Saad\Documents\Visual Studio 2010\Projects\tbbtry1\tbbtry1\tbbtry1.vcxproj" (build target(s)).

Build succeeded.

Time Elapsed 00:00:02.49
